<?xml version="1.0" encoding="UTF-8"?>
<!-- Generated by org.testng.reporters.JUnitReportReporter -->
<testsuite hostname="LAPTOP-F96I546I" failures="0" tests="3" name="com.p.testng.ExproritizingTest" time="0.011" errors="0" timestamp="2024-11-23T12:55:05 IST" skipped="0">
  <testcase classname="com.p.testng.ExproritizingTest" name="deleteEmployee" time="0.008"/>
  <testcase classname="com.p.testng.ExproritizingTest" name="addEmployee" time="0.001"/>
  <testcase classname="com.p.testng.ExproritizingTest" name="editEmployee" time="0.002"/>
</testsuite> <!-- com.p.testng.ExproritizingTest -->
