<?xml version="1.0" encoding="UTF-8"?>
<!-- Generated by org.testng.reporters.JUnitReportReporter -->
<testsuite hostname="LAPTOP-F96I546I" failures="0" tests="2" name="qt.selenium.scripts.ExAnnotations" time="0.012" errors="0" timestamp="2024-10-21T10:35:14 IST" skipped="0">
  <testcase classname="qt.selenium.scripts.ExAnnotations" name="testcase2" time="0.004"/>
  <testcase classname="qt.selenium.scripts.ExAnnotations" name="testcase1" time="0.008"/>
</testsuite> <!-- qt.selenium.scripts.ExAnnotations -->
