<?xml version="1.0" encoding="UTF-8"?>
<!-- Generated by org.testng.reporters.JUnitReportReporter -->
<testsuite hostname="LAPTOP-F96I546I" failures="0" tests="3" name="com.p.testng.AddEmployee" time="0.019" errors="0" timestamp="2024-11-23T13:17:02 IST" skipped="0">
  <testcase classname="com.p.testng.AddEmployee" name="editEmployee" time="0.003"/>
  <testcase classname="com.p.testng.AddEmployee" name="addEmployee" time="0.002"/>
  <testcase classname="com.p.testng.AddEmployee" name="DeleteEmployee" time="0.014"/>
</testsuite> <!-- com.p.testng.AddEmployee -->
