<?xml version="1.0" encoding="UTF-8"?>
<!-- Generated by org.testng.reporters.JUnitReportReporter -->
<testsuite hostname="LAPTOP-F96I546I" failures="0" tests="1" name="qt.selenium.scripts.Exfirsttestng" time="0.012" errors="0" timestamp="2024-10-21T10:15:26 IST" skipped="0">
  <testcase classname="qt.selenium.scripts.Exfirsttestng" name="firstTestMethod" time="0.012"/>
</testsuite> <!-- qt.selenium.scripts.Exfirsttestng -->
