<?xml version="1.0" encoding="UTF-8"?>
<!-- Generated by org.testng.reporters.JUnitReportReporter -->
<testsuite hostname="LAPTOP-F96I546I" failures="0" tests="2" name="com.p.testng.ExAnnotations" time="0.010" errors="0" timestamp="2024-11-23T11:24:47 IST" skipped="0">
  <testcase classname="com.p.testng.ExAnnotations" name="testcase2" time="0.003"/>
  <testcase classname="com.p.testng.ExAnnotations" name="testcase1" time="0.007"/>
</testsuite> <!-- com.p.testng.ExAnnotations -->
