<?xml version="1.0" encoding="UTF-8"?>
<!-- Generated by org.testng.reporters.JUnitReportReporter -->
<testsuite hostname="LAPTOP-F96I546I" failures="0" tests="1" name="com.pom.design.LoginTest" time="18.179" errors="0" timestamp="2024-11-28T11:45:21 IST" skipped="0">
  <testcase classname="com.pom.design.LoginTest" name="verifyLoginWithInvalidCredentials" time="18.179"/>
</testsuite> <!-- com.pom.design.LoginTest -->
